\BOOKMARK [0][-]{chapter.1}{Le Projet Brest Bay Touch}{}% 1
\BOOKMARK [1][-]{section.1.1}{Objet du document}{chapter.1}% 2
\BOOKMARK [1][-]{section.1.2}{L'\351quipe}{chapter.1}% 3
\BOOKMARK [1][-]{section.1.3}{Objectif du projet}{chapter.1}% 4
\BOOKMARK [1][-]{section.1.4}{Bases du projet}{chapter.1}% 5
\BOOKMARK [1][-]{section.1.5}{Suivi de projet}{chapter.1}% 6
\BOOKMARK [1][-]{section.1.6}{Diff\351rents types de cartes imprimables}{chapter.1}% 7
\BOOKMARK [2][-]{subsection.1.6.1}{Mod\350le num\351rique de terrain + cartographie marine}{section.1.6}% 8
\BOOKMARK [2][-]{subsection.1.6.2}{Mod\350le num\351rique de terrain de la bathym\351trie}{section.1.6}% 9
\BOOKMARK [2][-]{subsection.1.6.3}{Mod\350le num\351rique de terrain altim\351trique + mod\350le num\351rique de terrain bathym\351trique}{section.1.6}% 10
\BOOKMARK [2][-]{subsection.1.6.4}{Mod\350le num\351rique de terrain altim\351trique + isobathym\351triques}{section.1.6}% 11
\BOOKMARK [2][-]{subsection.1.6.5}{Mod\350le num\351rique de terrain + cartographie marine + bathym\351trie}{section.1.6}% 12
\BOOKMARK [1][-]{section.1.7}{Tests}{chapter.1}% 13
\BOOKMARK [0][-]{chapter.2}{Les contraintes}{}% 14
\BOOKMARK [1][-]{section.2.1}{Contraintes technologiques}{chapter.2}% 15
\BOOKMARK [2][-]{subsection.2.1.1}{Le tuilage}{section.2.1}% 16
\BOOKMARK [1][-]{section.2.2}{Contraintes g\351od\351siques}{chapter.2}% 17
\BOOKMARK [2][-]{subsection.2.2.1}{Syst\350mes de coordonn\351es}{section.2.2}% 18
\BOOKMARK [1][-]{section.2.3}{Contraintes s\351miologique}{chapter.2}% 19
\BOOKMARK [0][-]{chapter.3}{Les sources de donn\351es}{}% 20
\BOOKMARK [1][-]{section.3.1}{Altim\351trie}{chapter.3}% 21
\BOOKMARK [2][-]{subsection.3.1.1}{Sources}{section.3.1}% 22
\BOOKMARK [2][-]{subsection.3.1.2}{Mise en \234uvre}{section.3.1}% 23
\BOOKMARK [2][-]{subsection.3.1.3}{Etendue spatiale}{section.3.1}% 24
\BOOKMARK [1][-]{section.3.2}{Bathym\351trie}{chapter.3}% 25
\BOOKMARK [2][-]{subsection.3.2.1}{Sources}{section.3.2}% 26
\BOOKMARK [2][-]{subsection.3.2.2}{Etendue spatiale}{section.3.2}% 27
\BOOKMARK [2][-]{subsection.3.2.3}{Mise en \234uvre}{section.3.2}% 28
\BOOKMARK [1][-]{section.3.3}{Cartographie}{chapter.3}% 29
\BOOKMARK [2][-]{subsection.3.3.1}{Sources}{section.3.3}% 30
\BOOKMARK [2][-]{subsection.3.3.2}{Etendue spatiale}{section.3.3}% 31
\BOOKMARK [2][-]{subsection.3.3.3}{Mise en \234uvre}{section.3.3}% 32
\BOOKMARK [1][-]{section.3.4}{Objets 3D g\351or\351f\351renc\351s}{chapter.3}% 33
\BOOKMARK [2][-]{subsection.3.4.1}{Sources}{section.3.4}% 34
\BOOKMARK [2][-]{subsection.3.4.2}{Mise en \234uvre}{section.3.4}% 35
\BOOKMARK [0][-]{chapter.4}{L'export des donn\351es}{}% 36
\BOOKMARK [1][-]{section.4.1}{Export STL}{chapter.4}% 37
\BOOKMARK [1][-]{section.4.2}{Export 3MF}{chapter.4}% 38
\BOOKMARK [1][-]{section.4.3}{Export KML}{chapter.4}% 39
\BOOKMARK [1][-]{section.4.4}{Export GeoTiff}{chapter.4}% 40
\BOOKMARK [1][-]{section.4.5}{Export ASC}{chapter.4}% 41
\BOOKMARK [1][-]{section.4.6}{Export Shapefile}{chapter.4}% 42
\BOOKMARK [0][-]{chapter.5}{Utilisation du logiciel}{}% 43
\BOOKMARK [1][-]{section.5.1}{Interface utilisateur}{chapter.5}% 44
\BOOKMARK [0][-]{chapter.6}{Les publications}{}% 45
\BOOKMARK [0][-]{chapter.7}{Les r\351sultats}{}% 46
\BOOKMARK [0][-]{chapter.8}{Les futurs travaux}{}% 47
\BOOKMARK [1][-]{section.8.1}{Exploration des d\351tails de bathym\351trie}{chapter.8}% 48
\BOOKMARK [1][-]{section.8.2}{Int\351gration des donn\351es Open Street Building}{chapter.8}% 49
