This is pdfTeX, Version 3.14159265-2.6-1.40.16 (TeX Live 2015/Debian) (preloaded format=pdflatex 2018.10.13)  2 NOV 2018 15:03
entering extended mode
 restricted \write18 enabled.
 %&-line parsing enabled.
**brestBayTouch.tex
(./brestBayTouch.tex
LaTeX2e <2016/02/01>
Babel <3.9q> and hyphenation patterns for 81 language(s) loaded.
(/usr/share/texlive/texmf-dist/tex/latex/base/book.cls
Document Class: book 2014/09/29 v1.4h Standard LaTeX document class
(/usr/share/texlive/texmf-dist/tex/latex/base/bk12.clo
File: bk12.clo 2014/09/29 v1.4h Standard LaTeX file (size option)
)
\c@part=\count79
\c@chapter=\count80
\c@section=\count81
\c@subsection=\count82
\c@subsubsection=\count83
\c@paragraph=\count84
\c@subparagraph=\count85
\c@figure=\count86
\c@table=\count87
\abovecaptionskip=\skip41
\belowcaptionskip=\skip42
\bibindent=\dimen102
)
(/usr/share/texlive/texmf-dist/tex/latex/psnfss/helvet.sty
Package: helvet 2005/04/12 PSNFSS-v9.2a (WaS) 

(/usr/share/texlive/texmf-dist/tex/latex/graphics/keyval.sty
Package: keyval 2014/10/28 v1.15 key=value parser (DPC)
\KV@toks@=\toks14
))
(/usr/share/texlive/texmf-dist/tex/generic/babel/babel.sty
Package: babel 2016/02/24 3.9q The Babel package

(/usr/share/texlive/texmf-dist/tex/generic/babel-french/frenchb.ldf
Language: frenchb 2016/02/13 v3.1l French support from the babel system

(/usr/share/texlive/texmf-dist/tex/generic/babel/babel.def
File: babel.def 2016/02/24 3.9q Babel common definitions
\babel@savecnt=\count88
\U@D=\dimen103
)
\l@acadian = a dialect from \language\l@french 
\l@canadien = a dialect from \language\l@french 
\FBcolonskip=\skip43
\FBthinskip=\skip44
Package babel Info: Making : an active character on input line 342.
Package babel Info: Making ; an active character on input line 343.
Package babel Info: Making ! an active character on input line 344.
Package babel Info: Making ? an active character on input line 345.
\FBguillskip=\skip45
\FBguill@level=\count89
\FB@everypar=\toks15
\FB@Mht=\dimen104
\std@mcc=\count90
\dec@mcc=\count91
\listindentFB=\skip46
\labelwidthFB=\skip47
\leftmarginFB=\skip48
\parindentFFN=\dimen105
))
(/usr/share/texlive/texmf-dist/tex/latex/carlisle/scalefnt.sty)
(/usr/share/texlive/texmf-dist/tex/latex/base/inputenc.sty
Package: inputenc 2015/03/17 v1.2c Input encoding file
\inpenc@prehook=\toks16
\inpenc@posthook=\toks17

(/usr/share/texlive/texmf-dist/tex/latex/base/latin1.def
File: latin1.def 2015/03/17 v1.2c Input encoding file
))
(/usr/share/texlive/texmf-dist/tex/latex/moreverb/moreverb.sty
Package: moreverb 2008/06/03 v2.3a `more' verbatim facilities

(/usr/share/texlive/texmf-dist/tex/latex/tools/verbatim.sty
Package: verbatim 2014/10/28 v1.5q LaTeX2e package for verbatim enhancements
\every@verbatim=\toks18
\verbatim@line=\toks19
\verbatim@in@stream=\read1
)
\tab@position=\count92
\tab@size=\count93
\listing@line=\count94
)
(/usr/share/texlive/texmf-dist/tex/latex/eurosym/eurosym.sty
Package: eurosym 1998/08/06 v1.1 European currency symbol ``Euro''
\@eurobox=\box26
)
(/usr/share/texlive/texmf-dist/tex/latex/index/index.sty
Package: index 2004/01/20 v4.2beta Improved index support (dmj)
\@indexbox=\insert199
\indexproofstyle=\toks20


LaTeX Warning: Command \markboth  has changed.
               Check if current package is valid.


LaTeX Warning: Command \markright  has changed.
               Check if current package is valid.

) (/usr/share/texlive/texmf-dist/tex/latex/amsfonts/amsfonts.sty
Package: amsfonts 2013/01/14 v3.01 Basic AMSFonts support
\@emptytoks=\toks21
\symAMSa=\mathgroup4
\symAMSb=\mathgroup5
LaTeX Font Info:    Overwriting math alphabet `\mathfrak' in version `bold'
(Font)                  U/euf/m/n --> U/euf/b/n on input line 106.
)
(/usr/share/texlive/texmf-dist/tex/latex/graphics/graphics.sty
Package: graphics 2016/01/03 v1.0q Standard LaTeX Graphics (DPC,SPQR)

(/usr/share/texlive/texmf-dist/tex/latex/graphics/trig.sty
Package: trig 2016/01/03 v1.10 sin cos tan (DPC)
)
(/usr/share/texlive/texmf-dist/tex/latex/latexconfig/graphics.cfg
File: graphics.cfg 2010/04/23 v1.9 graphics configuration of TeX Live
)
Package graphics Info: Driver file: pdftex.def on input line 95.

(/usr/share/texlive/texmf-dist/tex/latex/pdftex-def/pdftex.def
File: pdftex.def 2011/05/27 v0.06d Graphics/color for pdfTeX

(/usr/share/texlive/texmf-dist/tex/generic/oberdiek/infwarerr.sty
Package: infwarerr 2010/04/08 v1.3 Providing info/warning/error messages (HO)
)
(/usr/share/texlive/texmf-dist/tex/generic/oberdiek/ltxcmds.sty
Package: ltxcmds 2011/11/09 v1.22 LaTeX kernel commands for general use (HO)
)
\Gread@gobject=\count95
))
(/usr/share/texlive/texmf-dist/tex/latex/listings/listings.sty
\lst@mode=\count96
\lst@gtempboxa=\box27
\lst@token=\toks22
\lst@length=\count97
\lst@currlwidth=\dimen106
\lst@column=\count98
\lst@pos=\count99
\lst@lostspace=\dimen107
\lst@width=\dimen108
\lst@newlines=\count100
\lst@lineno=\count101
\lst@maxwidth=\dimen109

(/usr/share/texlive/texmf-dist/tex/latex/listings/lstmisc.sty
File: lstmisc.sty 2015/06/04 1.6 (Carsten Heinz)
\c@lstnumber=\count102
\lst@skipnumbers=\count103
\lst@framebox=\box28
)
(/usr/share/texlive/texmf-dist/tex/latex/listings/listings.cfg
File: listings.cfg 2015/06/04 1.6 listings configuration
))
Package: listings 2015/06/04 1.6 (Carsten Heinz)

(/usr/share/texlive/texmf-dist/tex/latex/hyperref/hyperref.sty
Package: hyperref 2012/11/06 v6.83m Hypertext links for LaTeX

(/usr/share/texlive/texmf-dist/tex/generic/oberdiek/hobsub-hyperref.sty
Package: hobsub-hyperref 2012/05/28 v1.13 Bundle oberdiek, subset hyperref (HO)


(/usr/share/texlive/texmf-dist/tex/generic/oberdiek/hobsub-generic.sty
Package: hobsub-generic 2012/05/28 v1.13 Bundle oberdiek, subset generic (HO)
Package: hobsub 2012/05/28 v1.13 Construct package bundles (HO)
Package hobsub Info: Skipping package `infwarerr' (already loaded).
Package hobsub Info: Skipping package `ltxcmds' (already loaded).
Package: ifluatex 2010/03/01 v1.3 Provides the ifluatex switch (HO)
Package ifluatex Info: LuaTeX not detected.
Package: ifvtex 2010/03/01 v1.5 Detect VTeX and its facilities (HO)
Package ifvtex Info: VTeX not detected.
Package: intcalc 2007/09/27 v1.1 Expandable calculations with integers (HO)
Package: ifpdf 2011/01/30 v2.3 Provides the ifpdf switch (HO)
Package ifpdf Info: pdfTeX in PDF mode is detected.
Package: etexcmds 2011/02/16 v1.5 Avoid name clashes with e-TeX commands (HO)
Package etexcmds Info: Could not find \expanded.
(etexcmds)             That can mean that you are not using pdfTeX 1.50 or
(etexcmds)             that some package has redefined \expanded.
(etexcmds)             In the latter case, load this package earlier.
Package: kvsetkeys 2012/04/25 v1.16 Key value parser (HO)
Package: kvdefinekeys 2011/04/07 v1.3 Define keys (HO)
Package: pdftexcmds 2011/11/29 v0.20 Utility functions of pdfTeX for LuaTeX (HO
)
Package pdftexcmds Info: LuaTeX not detected.
Package pdftexcmds Info: \pdf@primitive is available.
Package pdftexcmds Info: \pdf@ifprimitive is available.
Package pdftexcmds Info: \pdfdraftmode found.
Package: pdfescape 2011/11/25 v1.13 Implements pdfTeX's escape features (HO)
Package: bigintcalc 2012/04/08 v1.3 Expandable calculations on big integers (HO
)
Package: bitset 2011/01/30 v1.1 Handle bit-vector datatype (HO)
Package: uniquecounter 2011/01/30 v1.2 Provide unlimited unique counter (HO)
)
Package hobsub Info: Skipping package `hobsub' (already loaded).
Package: letltxmacro 2010/09/02 v1.4 Let assignment for LaTeX macros (HO)
Package: hopatch 2012/05/28 v1.2 Wrapper for package hooks (HO)
Package: xcolor-patch 2011/01/30 xcolor patch
Package: atveryend 2011/06/30 v1.8 Hooks at the very end of document (HO)
Package atveryend Info: \enddocument detected (standard20110627).
Package: atbegshi 2011/10/05 v1.16 At begin shipout hook (HO)
Package: refcount 2011/10/16 v3.4 Data extraction from label references (HO)
Package: hycolor 2011/01/30 v1.7 Color options for hyperref/bookmark (HO)
)
(/usr/share/texlive/texmf-dist/tex/generic/ifxetex/ifxetex.sty
Package: ifxetex 2010/09/12 v0.6 Provides ifxetex conditional
)
(/usr/share/texlive/texmf-dist/tex/latex/oberdiek/auxhook.sty
Package: auxhook 2011/03/04 v1.3 Hooks for auxiliary files (HO)
)
(/usr/share/texlive/texmf-dist/tex/latex/oberdiek/kvoptions.sty
Package: kvoptions 2011/06/30 v3.11 Key value format for package options (HO)
)
\@linkdim=\dimen110
\Hy@linkcounter=\count104
\Hy@pagecounter=\count105

(/usr/share/texlive/texmf-dist/tex/latex/hyperref/pd1enc.def
File: pd1enc.def 2012/11/06 v6.83m Hyperref: PDFDocEncoding definition (HO)
)
\Hy@SavedSpaceFactor=\count106

(/usr/share/texlive/texmf-dist/tex/latex/latexconfig/hyperref.cfg
File: hyperref.cfg 2002/06/06 v1.2 hyperref configuration of TeXLive
)
Package hyperref Info: Hyper figures OFF on input line 4443.
Package hyperref Info: Link nesting OFF on input line 4448.
Package hyperref Info: Hyper index ON on input line 4451.
Package hyperref Info: Plain pages OFF on input line 4458.
Package hyperref Info: Backreferencing OFF on input line 4463.
Package hyperref Info: Implicit mode ON; LaTeX internals redefined.
Package hyperref Info: Bookmarks ON on input line 4688.
\c@Hy@tempcnt=\count107

(/usr/share/texlive/texmf-dist/tex/latex/url/url.sty
\Urlmuskip=\muskip10
Package: url 2013/09/16  ver 3.4  Verb mode for urls, etc.
)
LaTeX Info: Redefining \url on input line 5041.
\XeTeXLinkMargin=\dimen111
\Fld@menulength=\count108
\Field@Width=\dimen112
\Fld@charsize=\dimen113
Package hyperref Info: Hyper figures OFF on input line 6295.
Package hyperref Info: Link nesting OFF on input line 6300.
Package hyperref Info: Hyper index ON on input line 6303.
Package hyperref Info: backreferencing OFF on input line 6310.
Package hyperref Info: Link coloring OFF on input line 6315.
Package hyperref Info: Link coloring with OCG OFF on input line 6320.
Package hyperref Info: PDF/A mode OFF on input line 6325.
LaTeX Info: Redefining \ref on input line 6365.
LaTeX Info: Redefining \pageref on input line 6369.
\Hy@abspage=\count109
\c@Item=\count110
\c@Hfootnote=\count111
)

Package hyperref Message: Driver (autodetected): hpdftex.

(/usr/share/texlive/texmf-dist/tex/latex/hyperref/hpdftex.def
File: hpdftex.def 2012/11/06 v6.83m Hyperref driver for pdfTeX
\Fld@listcount=\count112
\c@bookmark@seq@number=\count113

(/usr/share/texlive/texmf-dist/tex/latex/oberdiek/rerunfilecheck.sty
Package: rerunfilecheck 2011/04/15 v1.7 Rerun checks for auxiliary files (HO)
Package uniquecounter Info: New unique counter `rerunfilecheck' on input line 2
82.
)
\Hy@SectionHShift=\skip49
)
(/usr/share/texlive/texmf-dist/tex/latex/beamer/multimedia/multimedia.sty
Package: multimedia 2012/05/02 ver 0.02
\mm@movie=\count114
)
(/usr/share/texlive/texmf-dist/tex/latex/pgf/utilities/pgfpages.sty
Package: pgfpages 2011/01/05 ver 0.02

(/usr/share/texlive/texmf-dist/tex/latex/pgf/basiclayer/pgfcore.sty
(/usr/share/texlive/texmf-dist/tex/latex/graphics/graphicx.sty
Package: graphicx 2014/10/28 v1.0g Enhanced LaTeX Graphics (DPC,SPQR)
\Gin@req@height=\dimen114
\Gin@req@width=\dimen115
)
(/usr/share/texlive/texmf-dist/tex/latex/pgf/systemlayer/pgfsys.sty
(/usr/share/texlive/texmf-dist/tex/latex/pgf/utilities/pgfrcs.sty
(/usr/share/texlive/texmf-dist/tex/generic/pgf/utilities/pgfutil-common.tex
\pgfutil@everybye=\toks23
\pgfutil@tempdima=\dimen116
\pgfutil@tempdimb=\dimen117

(/usr/share/texlive/texmf-dist/tex/generic/pgf/utilities/pgfutil-common-lists.t
ex)) (/usr/share/texlive/texmf-dist/tex/generic/pgf/utilities/pgfutil-latex.def
\pgfutil@abb=\box29
(/usr/share/texlive/texmf-dist/tex/latex/ms/everyshi.sty
Package: everyshi 2001/05/15 v3.00 EveryShipout Package (MS)
))
(/usr/share/texlive/texmf-dist/tex/generic/pgf/utilities/pgfrcs.code.tex
Package: pgfrcs 2015/08/07 v3.0.1a (rcs-revision 1.31)
))
(/usr/share/texlive/texmf-dist/tex/generic/pgf/systemlayer/pgfsys.code.tex
Package: pgfsys 2014/07/09 v3.0.1a (rcs-revision 1.48)

(/usr/share/texlive/texmf-dist/tex/generic/pgf/utilities/pgfkeys.code.tex
\pgfkeys@pathtoks=\toks24
\pgfkeys@temptoks=\toks25

(/usr/share/texlive/texmf-dist/tex/generic/pgf/utilities/pgfkeysfiltered.code.t
ex
\pgfkeys@tmptoks=\toks26
))
\pgf@x=\dimen118
\pgf@y=\dimen119
\pgf@xa=\dimen120
\pgf@ya=\dimen121
\pgf@xb=\dimen122
\pgf@yb=\dimen123
\pgf@xc=\dimen124
\pgf@yc=\dimen125
\w@pgf@writea=\write3
\r@pgf@reada=\read2
\c@pgf@counta=\count115
\c@pgf@countb=\count116
\c@pgf@countc=\count117
\c@pgf@countd=\count118
\t@pgf@toka=\toks27
\t@pgf@tokb=\toks28
\t@pgf@tokc=\toks29
 (/usr/share/texlive/texmf-dist/tex/generic/pgf/systemlayer/pgf.cfg
File: pgf.cfg 2008/05/14  (rcs-revision 1.7)
)
Driver file for pgf: pgfsys-pdftex.def

(/usr/share/texlive/texmf-dist/tex/generic/pgf/systemlayer/pgfsys-pdftex.def
File: pgfsys-pdftex.def 2014/10/11  (rcs-revision 1.35)

(/usr/share/texlive/texmf-dist/tex/generic/pgf/systemlayer/pgfsys-common-pdf.de
f
File: pgfsys-common-pdf.def 2013/10/10  (rcs-revision 1.13)
)))
(/usr/share/texlive/texmf-dist/tex/generic/pgf/systemlayer/pgfsyssoftpath.code.
tex
File: pgfsyssoftpath.code.tex 2013/09/09  (rcs-revision 1.9)
\pgfsyssoftpath@smallbuffer@items=\count119
\pgfsyssoftpath@bigbuffer@items=\count120
)
(/usr/share/texlive/texmf-dist/tex/generic/pgf/systemlayer/pgfsysprotocol.code.
tex
File: pgfsysprotocol.code.tex 2006/10/16  (rcs-revision 1.4)
)) (/usr/share/texlive/texmf-dist/tex/latex/xcolor/xcolor.sty
Package: xcolor 2007/01/21 v2.11 LaTeX color extensions (UK)

(/usr/share/texlive/texmf-dist/tex/latex/latexconfig/color.cfg
File: color.cfg 2007/01/18 v1.5 color configuration of teTeX/TeXLive
)
Package xcolor Info: Driver file: pdftex.def on input line 225.
Package xcolor Info: Model `cmy' substituted by `cmy0' on input line 1337.
Package xcolor Info: Model `hsb' substituted by `rgb' on input line 1341.
Package xcolor Info: Model `RGB' extended on input line 1353.
Package xcolor Info: Model `HTML' substituted by `rgb' on input line 1355.
Package xcolor Info: Model `Hsb' substituted by `hsb' on input line 1356.
Package xcolor Info: Model `tHsb' substituted by `hsb' on input line 1357.
Package xcolor Info: Model `HSB' substituted by `hsb' on input line 1358.
Package xcolor Info: Model `Gray' substituted by `gray' on input line 1359.
Package xcolor Info: Model `wave' substituted by `hsb' on input line 1360.
)
(/usr/share/texlive/texmf-dist/tex/generic/pgf/basiclayer/pgfcore.code.tex
Package: pgfcore 2010/04/11 v3.0.1a (rcs-revision 1.7)

(/usr/share/texlive/texmf-dist/tex/generic/pgf/math/pgfmath.code.tex
(/usr/share/texlive/texmf-dist/tex/generic/pgf/math/pgfmathcalc.code.tex
(/usr/share/texlive/texmf-dist/tex/generic/pgf/math/pgfmathutil.code.tex)
(/usr/share/texlive/texmf-dist/tex/generic/pgf/math/pgfmathparser.code.tex
\pgfmath@dimen=\dimen126
\pgfmath@count=\count121
\pgfmath@box=\box30
\pgfmath@toks=\toks30
\pgfmath@stack@operand=\toks31
\pgfmath@stack@operation=\toks32
)
(/usr/share/texlive/texmf-dist/tex/generic/pgf/math/pgfmathfunctions.code.tex
(/usr/share/texlive/texmf-dist/tex/generic/pgf/math/pgfmathfunctions.basic.code
.tex)
(/usr/share/texlive/texmf-dist/tex/generic/pgf/math/pgfmathfunctions.trigonomet
ric.code.tex)
(/usr/share/texlive/texmf-dist/tex/generic/pgf/math/pgfmathfunctions.random.cod
e.tex)
(/usr/share/texlive/texmf-dist/tex/generic/pgf/math/pgfmathfunctions.comparison
.code.tex)
(/usr/share/texlive/texmf-dist/tex/generic/pgf/math/pgfmathfunctions.base.code.
tex)
(/usr/share/texlive/texmf-dist/tex/generic/pgf/math/pgfmathfunctions.round.code
.tex)
(/usr/share/texlive/texmf-dist/tex/generic/pgf/math/pgfmathfunctions.misc.code.
tex)
(/usr/share/texlive/texmf-dist/tex/generic/pgf/math/pgfmathfunctions.integerari
thmetics.code.tex)))
(/usr/share/texlive/texmf-dist/tex/generic/pgf/math/pgfmathfloat.code.tex
\c@pgfmathroundto@lastzeros=\count122
))
(/usr/share/texlive/texmf-dist/tex/generic/pgf/basiclayer/pgfcorepoints.code.te
x
File: pgfcorepoints.code.tex 2013/10/07  (rcs-revision 1.27)
\pgf@picminx=\dimen127
\pgf@picmaxx=\dimen128
\pgf@picminy=\dimen129
\pgf@picmaxy=\dimen130
\pgf@pathminx=\dimen131
\pgf@pathmaxx=\dimen132
\pgf@pathminy=\dimen133
\pgf@pathmaxy=\dimen134
\pgf@xx=\dimen135
\pgf@xy=\dimen136
\pgf@yx=\dimen137
\pgf@yy=\dimen138
\pgf@zx=\dimen139
\pgf@zy=\dimen140
)
(/usr/share/texlive/texmf-dist/tex/generic/pgf/basiclayer/pgfcorepathconstruct.
code.tex
File: pgfcorepathconstruct.code.tex 2013/10/07  (rcs-revision 1.29)
\pgf@path@lastx=\dimen141
\pgf@path@lasty=\dimen142
)
(/usr/share/texlive/texmf-dist/tex/generic/pgf/basiclayer/pgfcorepathusage.code
.tex
File: pgfcorepathusage.code.tex 2014/11/02  (rcs-revision 1.24)
\pgf@shorten@end@additional=\dimen143
\pgf@shorten@start@additional=\dimen144
)
(/usr/share/texlive/texmf-dist/tex/generic/pgf/basiclayer/pgfcorescopes.code.te
x
File: pgfcorescopes.code.tex 2015/05/08  (rcs-revision 1.46)
\pgfpic=\box31
\pgf@hbox=\box32
\pgf@layerbox@main=\box33
\pgf@picture@serial@count=\count123
)
(/usr/share/texlive/texmf-dist/tex/generic/pgf/basiclayer/pgfcoregraphicstate.c
ode.tex
File: pgfcoregraphicstate.code.tex 2014/11/02  (rcs-revision 1.12)
\pgflinewidth=\dimen145
)
(/usr/share/texlive/texmf-dist/tex/generic/pgf/basiclayer/pgfcoretransformation
s.code.tex
File: pgfcoretransformations.code.tex 2015/08/07  (rcs-revision 1.20)
\pgf@pt@x=\dimen146
\pgf@pt@y=\dimen147
\pgf@pt@temp=\dimen148
)
(/usr/share/texlive/texmf-dist/tex/generic/pgf/basiclayer/pgfcorequick.code.tex
File: pgfcorequick.code.tex 2008/10/09  (rcs-revision 1.3)
)
(/usr/share/texlive/texmf-dist/tex/generic/pgf/basiclayer/pgfcoreobjects.code.t
ex
File: pgfcoreobjects.code.tex 2006/10/11  (rcs-revision 1.2)
)
(/usr/share/texlive/texmf-dist/tex/generic/pgf/basiclayer/pgfcorepathprocessing
.code.tex
File: pgfcorepathprocessing.code.tex 2013/09/09  (rcs-revision 1.9)
)
(/usr/share/texlive/texmf-dist/tex/generic/pgf/basiclayer/pgfcorearrows.code.te
x
File: pgfcorearrows.code.tex 2015/05/14  (rcs-revision 1.43)
\pgfarrowsep=\dimen149
)
(/usr/share/texlive/texmf-dist/tex/generic/pgf/basiclayer/pgfcoreshade.code.tex
File: pgfcoreshade.code.tex 2013/07/15  (rcs-revision 1.15)
\pgf@max=\dimen150
\pgf@sys@shading@range@num=\count124
)
(/usr/share/texlive/texmf-dist/tex/generic/pgf/basiclayer/pgfcoreimage.code.tex
File: pgfcoreimage.code.tex 2013/07/15  (rcs-revision 1.18)

(/usr/share/texlive/texmf-dist/tex/generic/pgf/basiclayer/pgfcoreexternal.code.
tex
File: pgfcoreexternal.code.tex 2014/07/09  (rcs-revision 1.21)
\pgfexternal@startupbox=\box34
))
(/usr/share/texlive/texmf-dist/tex/generic/pgf/basiclayer/pgfcorelayers.code.te
x
File: pgfcorelayers.code.tex 2013/07/18  (rcs-revision 1.7)
)
(/usr/share/texlive/texmf-dist/tex/generic/pgf/basiclayer/pgfcoretransparency.c
ode.tex
File: pgfcoretransparency.code.tex 2013/09/30  (rcs-revision 1.5)
)
(/usr/share/texlive/texmf-dist/tex/generic/pgf/basiclayer/pgfcorepatterns.code.
tex
File: pgfcorepatterns.code.tex 2013/11/07  (rcs-revision 1.5)
))) (/usr/share/texlive/texmf-dist/tex/latex/tools/calc.sty
Package: calc 2014/10/28 v4.3 Infix arithmetic (KKT,FJ)
\calc@Acount=\count125
\calc@Bcount=\count126
\calc@Adimen=\dimen151
\calc@Bdimen=\dimen152
\calc@Askip=\skip50
\calc@Bskip=\skip51
LaTeX Info: Redefining \setlength on input line 80.
LaTeX Info: Redefining \addtolength on input line 81.
\calc@Ccount=\count127
\calc@Cskip=\skip52
)
\pgf@logicalpages=\count128
\pgf@firstshipout=\count129
\pgf@lastshipout=\count130
\pgf@currentshipout=\count131
\pgf@cpn=\count132
\pgf@shipoutnextto=\count133
\pgfphysicalheight=\dimen153
\pgfphysicalwidth=\dimen154
\pgfpages@shipoutbox=\box35
)
(/usr/share/texlive/texmf-dist/tex/latex/pgf/basiclayer/pgf.sty
Package: pgf 2015/08/07 v3.0.1a (rcs-revision 1.15)

(/usr/share/texlive/texmf-dist/tex/generic/pgf/modules/pgfmoduleshapes.code.tex
File: pgfmoduleshapes.code.tex 2014/03/21  (rcs-revision 1.35)
\pgfnodeparttextbox=\box36
) (/usr/share/texlive/texmf-dist/tex/generic/pgf/modules/pgfmoduleplot.code.tex
File: pgfmoduleplot.code.tex 2015/08/03  (rcs-revision 1.13)
)
(/usr/share/texlive/texmf-dist/tex/latex/pgf/compatibility/pgfcomp-version-0-65
.sty
Package: pgfcomp-version-0-65 2007/07/03 v3.0.1a (rcs-revision 1.7)
\pgf@nodesepstart=\dimen155
\pgf@nodesepend=\dimen156
)
(/usr/share/texlive/texmf-dist/tex/latex/pgf/compatibility/pgfcomp-version-1-18
.sty
Package: pgfcomp-version-1-18 2007/07/23 v3.0.1a (rcs-revision 1.1)
)) (/usr/share/texlive/texmf-dist/tex/latex/pgf/frontendlayer/tikz.sty
(/usr/share/texlive/texmf-dist/tex/latex/pgf/utilities/pgffor.sty
(/usr/share/texlive/texmf-dist/tex/latex/pgf/utilities/pgfkeys.sty
(/usr/share/texlive/texmf-dist/tex/generic/pgf/utilities/pgfkeys.code.tex))
(/usr/share/texlive/texmf-dist/tex/latex/pgf/math/pgfmath.sty
(/usr/share/texlive/texmf-dist/tex/generic/pgf/math/pgfmath.code.tex))
(/usr/share/texlive/texmf-dist/tex/generic/pgf/utilities/pgffor.code.tex
Package: pgffor 2013/12/13 v3.0.1a (rcs-revision 1.25)

(/usr/share/texlive/texmf-dist/tex/generic/pgf/math/pgfmath.code.tex)
\pgffor@iter=\dimen157
\pgffor@skip=\dimen158
\pgffor@stack=\toks33
\pgffor@toks=\toks34
))
(/usr/share/texlive/texmf-dist/tex/generic/pgf/frontendlayer/tikz/tikz.code.tex
Package: tikz 2015/08/07 v3.0.1a (rcs-revision 1.151)

(/usr/share/texlive/texmf-dist/tex/generic/pgf/libraries/pgflibraryplothandlers
.code.tex
File: pgflibraryplothandlers.code.tex 2013/08/31 v3.0.1a (rcs-revision 1.20)
\pgf@plot@mark@count=\count134
\pgfplotmarksize=\dimen159
)
\tikz@lastx=\dimen160
\tikz@lasty=\dimen161
\tikz@lastxsaved=\dimen162
\tikz@lastysaved=\dimen163
\tikzleveldistance=\dimen164
\tikzsiblingdistance=\dimen165
\tikz@figbox=\box37
\tikz@figbox@bg=\box38
\tikz@tempbox=\box39
\tikz@tempbox@bg=\box40
\tikztreelevel=\count135
\tikznumberofchildren=\count136
\tikznumberofcurrentchild=\count137
\tikz@fig@count=\count138

(/usr/share/texlive/texmf-dist/tex/generic/pgf/modules/pgfmodulematrix.code.tex
File: pgfmodulematrix.code.tex 2013/09/17  (rcs-revision 1.8)
\pgfmatrixcurrentrow=\count139
\pgfmatrixcurrentcolumn=\count140
\pgf@matrix@numberofcolumns=\count141
)
\tikz@expandcount=\count142

(/usr/share/texlive/texmf-dist/tex/generic/pgf/frontendlayer/tikz/libraries/tik
zlibrarytopaths.code.tex
File: tikzlibrarytopaths.code.tex 2008/06/17 v3.0.1a (rcs-revision 1.2)
)))
(/usr/share/texlive/texmf-dist/tex/latex/rotating/rotating.sty
Package: rotating 2009/03/28 v2.16a rotated objects in LaTeX

(/usr/share/texlive/texmf-dist/tex/latex/base/ifthen.sty
Package: ifthen 2014/09/29 v1.1c Standard LaTeX ifthen package (DPC)
)
\c@r@tfl@t=\count143
\rotFPtop=\skip53
\rotFPbot=\skip54
\rot@float@box=\box41
\rot@mess@toks=\toks35
)
(/usr/share/texlive/texmf-dist/tex/latex/framed/framed.sty
Package: framed 2011/10/22 v 0.96: framed or shaded text with page breaks
\OuterFrameSep=\skip55
\fb@frw=\dimen166
\fb@frh=\dimen167
\FrameRule=\dimen168
\FrameSep=\dimen169
)
(/usr/share/texlive/texmf-dist/tex/latex/ntheorem/ntheorem.sty
Style `ntheorem', Version 1.33 <2011/08/15>
Package: ntheorem 2011/08/15 1.33
\theorem@style=\toks36
\theorem@@style=\toks37
\theorembodyfont=\toks38
\theoremnumbering=\toks39
\theorempreskipamount=\skip56
\theorempostskipamount=\skip57
\theoremframepreskipamount=\skip58
\theoremframepostskipamount=\skip59
\theoreminframepreskipamount=\skip60
\theoreminframepostskipamount=\skip61
\theorem@preskip=\toks40
\theorem@postskip=\toks41
\theorem@framepreskip=\toks42
\theorem@framepostskip=\toks43
\theorem@inframepreskip=\toks44
\theorem@inframepostskip=\toks45
\theoremindent=\dimen170
\theorem@indent=\dimen171
\theoremrightindent=\dimen172
\theorem@rightindent=\dimen173
\theoremheaderfont=\toks46
\theoremseparator=\toks47
\theoremprework=\toks48
\theorempostwork=\toks49
\theoremsymbol=\toks50
\qedsymbol=\toks51
\theoremkeyword=\toks52
\qedsymbol=\toks53
\thm@topsep=\skip62
\thm@topsepadd=\skip63
\shadecolor=\toks54
Package ntheorem Info: Standard config file ntheorem.std used on input line 118
4.
(/usr/share/texlive/texmf-dist/tex/latex/ntheorem/ntheorem.std
(/usr/share/texlive/texmf-dist/tex/latex/base/latexsym.sty
Package: latexsym 1998/08/17 v2.2e Standard LaTeX package (lasy symbols)
\symlasy=\mathgroup6
LaTeX Font Info:    Overwriting symbol font `lasy' in version `bold'
(Font)                  U/lasy/m/n --> U/lasy/b/n on input line 52.
)
\c@Theorem=\count144
\c@theorem=\count145
\c@Satz=\count146
\c@satz=\count147
\c@Proposition=\count148
\c@proposition=\count149
\c@Lemma=\count150
\c@lemma=\count151
\c@Korollar=\count152
\c@korollar=\count153
\c@Corollary=\count154
\c@corollary=\count155
\c@Example=\count156
\c@example=\count157
\c@Beispiel=\count158
\c@beispiel=\count159
\c@Bemerkung=\count160
\c@bemerkung=\count161
\c@Anmerkung=\count162
\c@anmerkung=\count163
\c@Remark=\count164
\c@remark=\count165
\c@Definition=\count166
\c@definition=\count167

(/usr/share/texlive/texmf-dist/tex/latex/amsfonts/amssymb.sty
Package: amssymb 2013/01/14 v3.01 AMS font symbols
)
\c@Proof=\count168
\c@proof=\count169
\c@Beweis=\count170
\c@beweis=\count171
))
(/usr/share/texlive/texmf-dist/tex/latex/fancyhdr/fancyhdr.sty
\fancy@headwidth=\skip64
\f@ncyO@elh=\skip65
\f@ncyO@erh=\skip66
\f@ncyO@olh=\skip67
\f@ncyO@orh=\skip68
\f@ncyO@elf=\skip69
\f@ncyO@erf=\skip70
\f@ncyO@olf=\skip71
\f@ncyO@orf=\skip72
)
(/usr/share/texlive/texmf-dist/tex/latex/lastpage/lastpage.sty
Package: lastpage 2015/03/29 v1.2m Refers to last page's name (HMM; JPG)
)
(/usr/share/texlive/texmf-dist/tex/latex/fancyvrb/fancyvrb.sty
Package: fancyvrb 2008/02/07

Style option: `fancyvrb' v2.7a, with DG/SPQR fixes, and firstline=lastline fix 
<2008/02/07> (tvz)
\FV@CodeLineNo=\count172
\FV@InFile=\read3
\FV@TabBox=\box42
\c@FancyVerbLine=\count173
\FV@StepNumber=\count174
\FV@OutFile=\write4
)

Package hyperref Warning: Option `bookmarks' has already been used,
(hyperref)                setting the option has no effect on input line 98.

Package hyperref Info: Option `unicode' set `false' on input line 98.
Package hyperref Info: Option `pdftoolbar' set `true' on input line 98.
Package hyperref Info: Option `pdfmenubar' set `true' on input line 98.
Package hyperref Info: Option `pdffitwindow' set `false' on input line 98.
Package hyperref Info: Option `pdfnewwindow' set `true' on input line 98.
Package hyperref Info: Option `colorlinks' set `false' on input line 98.
(./brestBayTouch.aux

LaTeX Warning: Label `x3dRadeBrest' multiply defined.


LaTeX Warning: Label `mntAlti' multiply defined.


LaTeX Warning: Label `mntAlti' multiply defined.


LaTeX Warning: Label `mntAlti' multiply defined.


LaTeX Warning: Label `mntAlti' multiply defined.


LaTeX Warning: Label `mntAlti' multiply defined.


LaTeX Warning: Label `ignDB' multiply defined.


LaTeX Warning: Label `ignDB' multiply defined.


LaTeX Warning: Label `ignDB' multiply defined.


LaTeX Warning: Label `bathyDB' multiply defined.


LaTeX Warning: Label `bathyDB' multiply defined.


LaTeX Warning: Label `ignDB' multiply defined.


LaTeX Warning: Label `MNTbathy' multiply defined.


LaTeX Warning: Label `kml' multiply defined.


LaTeX Warning: Label `kml' multiply defined.


LaTeX Warning: Label `menu' multiply defined.


LaTeX Warning: Label `menu' multiply defined.


LaTeX Warning: Label `menu' multiply defined.


LaTeX Warning: Label `mntAlti' multiply defined.


LaTeX Warning: Label `mntAlti' multiply defined.

)
\openout1 = `brestBayTouch.aux'.

LaTeX Font Info:    Checking defaults for OML/cmm/m/it on input line 122.
LaTeX Font Info:    ... okay on input line 122.
LaTeX Font Info:    Checking defaults for T1/cmr/m/n on input line 122.
LaTeX Font Info:    ... okay on input line 122.
LaTeX Font Info:    Checking defaults for OT1/cmr/m/n on input line 122.
LaTeX Font Info:    ... okay on input line 122.
LaTeX Font Info:    Checking defaults for OMS/cmsy/m/n on input line 122.
LaTeX Font Info:    ... okay on input line 122.
LaTeX Font Info:    Checking defaults for OMX/cmex/m/n on input line 122.
LaTeX Font Info:    ... okay on input line 122.
LaTeX Font Info:    Checking defaults for U/cmr/m/n on input line 122.
LaTeX Font Info:    ... okay on input line 122.
LaTeX Font Info:    Checking defaults for PD1/pdf/m/n on input line 122.
LaTeX Font Info:    ... okay on input line 122.
LaTeX Info: Redefining \degres on input line 122.
LaTeX Info: Redefining \dots on input line 122.
LaTeX Info: Redefining \up on input line 122.


Package frenchb.ldf Warning: OT1 encoding should not be used for French.
(frenchb.ldf)                Add \usepackage[T1]{fontenc} to the preamble
(frenchb.ldf)                of your document, on input line 122.

(/usr/share/texlive/texmf-dist/tex/context/base/supp-pdf.mkii
[Loading MPS to PDF converter (version 2006.09.02).]
\scratchcounter=\count175
\scratchdimen=\dimen174
\scratchbox=\box43
\nofMPsegments=\count176
\nofMParguments=\count177
\everyMPshowfont=\toks55
\MPscratchCnt=\count178
\MPscratchDim=\dimen175
\MPnumerator=\count179
\makeMPintoPDFobject=\count180
\everyMPtoPDFconversion=\toks56
) (/usr/share/texlive/texmf-dist/tex/latex/oberdiek/epstopdf-base.sty
Package: epstopdf-base 2010/02/09 v2.5 Base part for package epstopdf

(/usr/share/texlive/texmf-dist/tex/latex/oberdiek/grfext.sty
Package: grfext 2010/08/19 v1.1 Manage graphics extensions (HO)
)
Package grfext Info: Graphics extension search list:
(grfext)             [.png,.pdf,.jpg,.mps,.jpeg,.jbig2,.jb2,.PNG,.PDF,.JPG,.JPE
G,.JBIG2,.JB2,.eps]
(grfext)             \AppendGraphicsExtensions on input line 452.

(/usr/share/texlive/texmf-dist/tex/latex/latexconfig/epstopdf-sys.cfg
File: epstopdf-sys.cfg 2010/07/13 v1.3 Configuration of (r)epstopdf for TeX Liv
e
))
\c@lstlisting=\count181
\AtBeginShipoutBox=\box44
Package hyperref Info: Link coloring OFF on input line 122.

(/usr/share/texlive/texmf-dist/tex/latex/hyperref/nameref.sty
Package: nameref 2012/10/27 v2.43 Cross-referencing by name of section

(/usr/share/texlive/texmf-dist/tex/generic/oberdiek/gettitlestring.sty
Package: gettitlestring 2010/12/03 v1.4 Cleanup title references (HO)
)
\c@section@level=\count182
)
LaTeX Info: Redefining \ref on input line 122.
LaTeX Info: Redefining \pageref on input line 122.
LaTeX Info: Redefining \nameref on input line 122.

(./brestBayTouch.out) (./brestBayTouch.out)
\@outlinefile=\write5
\openout5 = `brestBayTouch.out'.


ABD: EveryShipout initializing macros
Package lastpage Info: Please have a look at the pageslts package at
(lastpage)             https://www.ctan.org/pkg/pageslts
(lastpage)             ! on input line 122.
 (./body.tex (./commandes.tex)
(./titreBBT.tex
<images/logobbtwiretest0-300x300.png, id=209, 225.84375pt x 225.84375pt>
File: images/logobbtwiretest0-300x300.png Graphic file (type png)

<use images/logobbtwiretest0-300x300.png>
Package pdftex.def Info: images/logobbtwiretest0-300x300.png used on input line
 30.
(pdftex.def)             Requested size: 312.9803pt x 313.02245pt.
 [1


{/var/lib/texmf/fonts/map/pdftex/updmap/pdftex.map} <./images/logobbtwiretest0-
300x300.png>]

Package Fancyhdr Warning: \headheight is too small (12.0pt): 
 Make it at least 61.25554pt.
 We now make it that large for the rest of the document.
 This may cause the page layout to be inconsistent, however.

<images/bas-page-masterPPT_RVB_final.png, id=220, 722.7pt x 48.9027pt>
File: images/bas-page-masterPPT_RVB_final.png Graphic file (type png)

<use images/bas-page-masterPPT_RVB_final.png>
Package pdftex.def Info: images/bas-page-masterPPT_RVB_final.png used on input 
line 42.
(pdftex.def)             Requested size: 526.37598pt x 35.61806pt.

Overfull \hbox (28.45276pt too wide) has occurred while \output is active
 [][]| 
 []

[2 <./images/logoTV400.png> <./images/bas-page-masterPPT_RVB_final.png>]

Package Fancyhdr Warning: \headheight is too small (12.0pt): 
 Make it at least 61.25554pt.
 We now make it that large for the rest of the document.
 This may cause the page layout to be inconsistent, however.

File: images/bas-page-masterPPT_RVB_final.png Graphic file (type png)
<use images/bas-page-masterPPT_RVB_final.png>
Package pdftex.def Info: images/bas-page-masterPPT_RVB_final.png used on input 
line 45.
(pdftex.def)             Requested size: 526.37598pt x 35.61806pt.

Overfull \hbox (28.45276pt too wide) has occurred while \output is active
 [][]| 
 []

[3]
LaTeX Font Info:    Try loading font information for U+msa on input line 55.
 (/usr/share/texlive/texmf-dist/tex/latex/amsfonts/umsa.fd
File: umsa.fd 2013/01/14 v3.01 AMS symbols A
)
LaTeX Font Info:    Try loading font information for U+msb on input line 55.

(/usr/share/texlive/texmf-dist/tex/latex/amsfonts/umsb.fd
File: umsb.fd 2013/01/14 v3.01 AMS symbols B
)
LaTeX Font Info:    Try loading font information for U+lasy on input line 55.

(/usr/share/texlive/texmf-dist/tex/latex/base/ulasy.fd
File: ulasy.fd 1998/08/17 v2.2e LaTeX symbol font definitions
)

Package Fancyhdr Warning: \headheight is too small (12.0pt): 
 Make it at least 61.25554pt.
 We now make it that large for the rest of the document.
 This may cause the page layout to be inconsistent, however.

File: images/bas-page-masterPPT_RVB_final.png Graphic file (type png)
<use images/bas-page-masterPPT_RVB_final.png>
Package pdftex.def Info: images/bas-page-masterPPT_RVB_final.png used on input 
line 78.
(pdftex.def)             Requested size: 526.37598pt x 35.61806pt.

Overfull \hbox (28.45276pt too wide) has occurred while \output is active
 [][]| 
 []

[4]

Package Fancyhdr Warning: \headheight is too small (12.0pt): 
 Make it at least 61.25554pt.
 We now make it that large for the rest of the document.
 This may cause the page layout to be inconsistent, however.

File: images/bas-page-masterPPT_RVB_final.png Graphic file (type png)
<use images/bas-page-masterPPT_RVB_final.png>
Package pdftex.def Info: images/bas-page-masterPPT_RVB_final.png used on input 
line 80.
(pdftex.def)             Requested size: 526.37598pt x 35.61806pt.

Overfull \hbox (28.45276pt too wide) has occurred while \output is active
 [][]| 
 []

[5]

Package Fancyhdr Warning: \headheight is too small (12.0pt): 
 Make it at least 61.25554pt.
 We now make it that large for the rest of the document.
 This may cause the page layout to be inconsistent, however.

File: images/bas-page-masterPPT_RVB_final.png Graphic file (type png)
<use images/bas-page-masterPPT_RVB_final.png>
Package pdftex.def Info: images/bas-page-masterPPT_RVB_final.png used on input 
line 84.
(pdftex.def)             Requested size: 526.37598pt x 35.61806pt.

Overfull \hbox (28.45276pt too wide) has occurred while \output is active
 [][]| 
 []

[6

] (./brestBayTouch.toc [7])
\tf@toc=\write6
\openout6 = `brestBayTouch.toc'.



Package Fancyhdr Warning: \headheight is too small (12.0pt): 
 Make it at least 61.25554pt.
 We now make it that large for the rest of the document.
 This may cause the page layout to be inconsistent, however.

File: images/bas-page-masterPPT_RVB_final.png Graphic file (type png)
<use images/bas-page-masterPPT_RVB_final.png>
Package pdftex.def Info: images/bas-page-masterPPT_RVB_final.png used on input 
line 87.
(pdftex.def)             Requested size: 526.37598pt x 35.61806pt.

Overfull \hbox (28.45276pt too wide) has occurred while \output is active
 [][]| 
 []

[8] (./brestBayTouch.lof)
\tf@lof=\write7
\openout7 = `brestBayTouch.lof'.

 [9

]

Package Fancyhdr Warning: \headheight is too small (12.0pt): 
 Make it at least 61.25554pt.
 We now make it that large for the rest of the document.
 This may cause the page layout to be inconsistent, however.

File: images/bas-page-masterPPT_RVB_final.png Graphic file (type png)
<use images/bas-page-masterPPT_RVB_final.png>
Package pdftex.def Info: images/bas-page-masterPPT_RVB_final.png used on input 
line 94.
(pdftex.def)             Requested size: 526.37598pt x 35.61806pt.

Overfull \hbox (28.45276pt too wide) has occurred while \output is active
 [][]| 
 []

[10]) (./bbt.tex
Chapitre 1.
<images/suiviProjet/kanban-300x240.png, id=387, 225.84375pt x 180.675pt>
File: images/suiviProjet/kanban-300x240.png Graphic file (type png)

<use images/suiviProjet/kanban-300x240.png>
Package pdftex.def Info: images/suiviProjet/kanban-300x240.png used on input li
ne 23.
(pdftex.def)             Requested size: 398.33858pt x 318.71402pt.

Underfull \vbox (badness 2310) has occurred while \output is active []

 [11

]
<images/stl/x3dRade.png, id=392, 1279.78125pt x 722.7pt>
File: images/stl/x3dRade.png Graphic file (type png)

<use images/stl/x3dRade.png>
Package pdftex.def Info: images/stl/x3dRade.png used on input line 37.
(pdftex.def)             Requested size: 398.33858pt x 224.93893pt.

Underfull \vbox (badness 10000) has occurred while \output is active []



Package Fancyhdr Warning: \headheight is too small (12.0pt): 
 Make it at least 61.25554pt.
 We now make it that large for the rest of the document.
 This may cause the page layout to be inconsistent, however.

File: images/bas-page-masterPPT_RVB_final.png Graphic file (type png)
<use images/bas-page-masterPPT_RVB_final.png>
Package pdftex.def Info: images/bas-page-masterPPT_RVB_final.png used on input 
line 41.
(pdftex.def)             Requested size: 526.37598pt x 35.61806pt.

Overfull \hbox (28.45276pt too wide) has occurred while \output is active
 [][]| 
 []

[12 <./images/suiviProjet/kanban-300x240.png>]
<images/bathy/bathy_11.png, id=399, 1284.8pt x 1027.84pt>
File: images/bathy/bathy_11.png Graphic file (type png)

<use images/bathy/bathy_11.png>
Package pdftex.def Info: images/bathy/bathy_11.png used on input line 48.
(pdftex.def)             Requested size: 398.33858pt x 318.67416pt.


Package Fancyhdr Warning: \headheight is too small (12.0pt): 
 Make it at least 61.25554pt.
 We now make it that large for the rest of the document.
 This may cause the page layout to be inconsistent, however.

File: images/bas-page-masterPPT_RVB_final.png Graphic file (type png)
<use images/bas-page-masterPPT_RVB_final.png>
Package pdftex.def Info: images/bas-page-masterPPT_RVB_final.png used on input 
line 55.
(pdftex.def)             Requested size: 526.37598pt x 35.61806pt.

Overfull \hbox (28.45276pt too wide) has occurred while \output is active
 [][]| 
 []

[13 <./images/stl/x3dRade.png (PNG copy)> <./images/bathy/bathy_11.png>]
<images/stl/mntAlti.png, id=406, 2569.6pt x 1445.4pt>
File: images/stl/mntAlti.png Graphic file (type png)

<use images/stl/mntAlti.png>
Package pdftex.def Info: images/stl/mntAlti.png used on input line 61.
(pdftex.def)             Requested size: 398.33858pt x 224.05673pt.

<images/bathy/depare_4-300x240.png, id=407, 225.84375pt x 180.675pt>
File: images/bathy/depare_4-300x240.png Graphic file (type png)

<use images/bathy/depare_4-300x240.png>
Package pdftex.def Info: images/bathy/depare_4-300x240.png used on input line 7
4.
(pdftex.def)             Requested size: 398.33858pt x 318.71402pt.

Underfull \vbox (badness 10000) has occurred while \output is active []



Package Fancyhdr Warning: \headheight is too small (12.0pt): 
 Make it at least 61.25554pt.
 We now make it that large for the rest of the document.
 This may cause the page layout to be inconsistent, however.

File: images/bas-page-masterPPT_RVB_final.png Graphic file (type png)
<use images/bas-page-masterPPT_RVB_final.png>
Package pdftex.def Info: images/bas-page-masterPPT_RVB_final.png used on input 
line 78.
(pdftex.def)             Requested size: 526.37598pt x 35.61806pt.

Overfull \hbox (28.45276pt too wide) has occurred while \output is active
 [][]| 
 []

[14 <./images/stl/mntAlti.png>]
<images/bathy/depareDBSimple3D-300x240.png, id=413, 225.84375pt x 180.675pt>
File: images/bathy/depareDBSimple3D-300x240.png Graphic file (type png)

<use images/bathy/depareDBSimple3D-300x240.png>
Package pdftex.def Info: images/bathy/depareDBSimple3D-300x240.png used on inpu
t line 84.
(pdftex.def)             Requested size: 398.33858pt x 318.71402pt.

Underfull \vbox (badness 10000) has occurred while \output is active []



Package Fancyhdr Warning: \headheight is too small (12.0pt): 
 Make it at least 61.25554pt.
 We now make it that large for the rest of the document.
 This may cause the page layout to be inconsistent, however.

File: images/bas-page-masterPPT_RVB_final.png Graphic file (type png)
<use images/bas-page-masterPPT_RVB_final.png>
Package pdftex.def Info: images/bas-page-masterPPT_RVB_final.png used on input 
line 88.
(pdftex.def)             Requested size: 526.37598pt x 35.61806pt.

Overfull \hbox (28.45276pt too wide) has occurred while \output is active
 [][]| 
 []

[15 <./images/bathy/depare_4-300x240.png>]
Overfull \hbox (20.4012pt too wide) in paragraph at lines 91--91
[]\OT1/cmr/bx/n/14.4 Mod^^Rele num^^Serique de ter-rain + car-to-gra-phie ma-ri
ne + ba-thym^^Setrie 
 []

<images/tests/all-300x300.jpg, id=420, 225.84375pt x 225.84375pt>
File: images/tests/all-300x300.jpg Graphic file (type jpg)

<use images/tests/all-300x300.jpg>
Package pdftex.def Info: images/tests/all-300x300.jpg used on input line 98.
(pdftex.def)             Requested size: 398.33858pt x 398.39253pt.

Underfull \vbox (badness 10000) has occurred while \output is active []



Package Fancyhdr Warning: \headheight is too small (12.0pt): 
 Make it at least 61.25554pt.
 We now make it that large for the rest of the document.
 This may cause the page layout to be inconsistent, however.

File: images/bas-page-masterPPT_RVB_final.png Graphic file (type png)
<use images/bas-page-masterPPT_RVB_final.png>
Package pdftex.def Info: images/bas-page-masterPPT_RVB_final.png used on input 
line 102.
(pdftex.def)             Requested size: 526.37598pt x 35.61806pt.

Overfull \hbox (28.45276pt too wide) has occurred while \output is active
 [][]| 
 []

[16 <./images/bathy/depareDBSimple3D-300x240.png>]
<images/tests/lines34567-300x225.jpg, id=427, 225.84375pt x 169.38281pt>
File: images/tests/lines34567-300x225.jpg Graphic file (type jpg)

<use images/tests/lines34567-300x225.jpg>
Package pdftex.def Info: images/tests/lines34567-300x225.jpg used on input line
 108.
(pdftex.def)             Requested size: 398.33858pt x 298.79439pt.

Underfull \vbox (badness 10000) has occurred while \output is active []



Package Fancyhdr Warning: \headheight is too small (12.0pt): 
 Make it at least 61.25554pt.
 We now make it that large for the rest of the document.
 This may cause the page layout to be inconsistent, however.

File: images/bas-page-masterPPT_RVB_final.png Graphic file (type png)
<use images/bas-page-masterPPT_RVB_final.png>
Package pdftex.def Info: images/bas-page-masterPPT_RVB_final.png used on input 
line 112.
(pdftex.def)             Requested size: 526.37598pt x 35.61806pt.

Overfull \hbox (28.45276pt too wide) has occurred while \output is active
 [][]| 
 []

[17 <./images/tests/all-300x300.jpg>]
<images/tests/lines2_3mm_et_1_4mmet5mm-300x122.jpg, id=433, 225.84375pt x 91.84
312pt>
File: images/tests/lines2_3mm_et_1_4mmet5mm-300x122.jpg Graphic file (type jpg)

 <use images/tests/lines2_3mm_et_1_4mmet5mm-300x122.jpg>
Package pdftex.def Info: images/tests/lines2_3mm_et_1_4mmet5mm-300x122.jpg used
 on input line 118.
(pdftex.def)             Requested size: 398.33858pt x 162.01292pt.


Package Fancyhdr Warning: \headheight is too small (12.0pt): 
 Make it at least 61.25554pt.
 We now make it that large for the rest of the document.
 This may cause the page layout to be inconsistent, however.

File: images/bas-page-masterPPT_RVB_final.png Graphic file (type png)
<use images/bas-page-masterPPT_RVB_final.png>
Package pdftex.def Info: images/bas-page-masterPPT_RVB_final.png used on input 
line 125.
(pdftex.def)             Requested size: 526.37598pt x 35.61806pt.

Overfull \hbox (28.45276pt too wide) has occurred while \output is active
 [][]| 
 []

[18 <./images/tests/lines34567-300x225.jpg> <./images/tests/lines2_3mm_et_1_4mm
et5mm-300x122.jpg>]
Chapitre 2.
<images/dem/ign1.png, id=439, 1019.81pt x 943.525pt>
File: images/dem/ign1.png Graphic file (type png)
 <use images/dem/ign1.png>
Package pdftex.def Info: images/dem/ign1.png used on input line 139.
(pdftex.def)             Requested size: 455.24408pt x 421.19902pt.

Underfull \vbox (badness 10000) has occurred while \output is active []

 [19

]

Package Fancyhdr Warning: \headheight is too small (12.0pt): 
 Make it at least 61.25554pt.
 We now make it that large for the rest of the document.
 This may cause the page layout to be inconsistent, however.

File: images/bas-page-masterPPT_RVB_final.png Graphic file (type png)
<use images/bas-page-masterPPT_RVB_final.png>
Package pdftex.def Info: images/bas-page-masterPPT_RVB_final.png used on input 
line 149.
(pdftex.def)             Requested size: 526.37598pt x 35.61806pt.

Overfull \hbox (28.45276pt too wide) has occurred while \output is active
 [][]| 
 []

[20 <./images/dem/ign1.png>]
Chapitre 3.
<images/dem/srtm.jpg, id=450, 1284.8pt x 771.88374pt>
File: images/dem/srtm.jpg Graphic file (type jpg)

<use images/dem/srtm.jpg>
Package pdftex.def Info: images/dem/srtm.jpg used on input line 160.
(pdftex.def)             Requested size: 455.24408pt x 273.49652pt.

Overfull \hbox (0.40375pt too wide) in paragraph at lines 160--164
 [] 
 []


Overfull \hbox (59.53789pt too wide) in paragraph at lines 167--171
\OT1/cmr/m/n/12 Actuellement (2018) l'IGN : []BD ALTI[], fi-chiers : \OT1/cmtt/
m/n/12 BDALTIV2[]75M[]FXX[]xxxx[]xxxx[]MNT[]LAMB93[]IGN69.asc\OT1/cmr/m/n/12 ,
 []

[21

 <./images/dem/srtm.jpg>]
<images/utilisation/altiDB.png, id=458, 574.145pt x 654.445pt>
File: images/utilisation/altiDB.png Graphic file (type png)

<use images/utilisation/altiDB.png>
Package pdftex.def Info: images/utilisation/altiDB.png used on input line 177.
(pdftex.def)             Requested size: 455.24408pt x 518.9232pt.

Overfull \hbox (0.40375pt too wide) in paragraph at lines 177--181
 [] 
 []


Package Fancyhdr Warning: \headheight is too small (12.0pt): 
 Make it at least 61.25554pt.
 We now make it that large for the rest of the document.
 This may cause the page layout to be inconsistent, however.

File: images/bas-page-masterPPT_RVB_final.png Graphic file (type png)
<use images/bas-page-masterPPT_RVB_final.png>
Package pdftex.def Info: images/bas-page-masterPPT_RVB_final.png used on input 
line 181.
(pdftex.def)             Requested size: 526.37598pt x 35.61806pt.

Overfull \hbox (28.45276pt too wide) has occurred while \output is active
 [][]| 
 []

[22 <./images/utilisation/altiDB.png (PNG copy)>]
<images/dem/ign.png, id=464, 1283.79625pt x 1197.47375pt>
File: images/dem/ign.png Graphic file (type png)

<use images/dem/ign.png>
Package pdftex.def Info: images/dem/ign.png used on input line 188.
(pdftex.def)             Requested size: 455.24408pt x 424.62195pt.

Overfull \hbox (0.40375pt too wide) in paragraph at lines 188--192
 [] 
 []

<images/utilisation/bathyDB.png, id=465, 575.14874pt x 656.4525pt>
File: images/utilisation/bathyDB.png Graphic file (type png)

<use images/utilisation/bathyDB.png>
Package pdftex.def Info: images/utilisation/bathyDB.png used on input line 201.

(pdftex.def)             Requested size: 455.24408pt x 519.6135pt.

Underfull \vbox (badness 10000) has occurred while \output is active []



Package Fancyhdr Warning: \headheight is too small (12.0pt): 
 Make it at least 61.25554pt.
 We now make it that large for the rest of the document.
 This may cause the page layout to be inconsistent, however.

File: images/bas-page-masterPPT_RVB_final.png Graphic file (type png)
<use images/bas-page-masterPPT_RVB_final.png>
Package pdftex.def Info: images/bas-page-masterPPT_RVB_final.png used on input 
line 205.
(pdftex.def)             Requested size: 526.37598pt x 35.61806pt.

Overfull \hbox (28.45276pt too wide) has occurred while \output is active
 [][]| 
 []

[23 <./images/dem/ign.png>]
<images/bathy/homonim_0.png, id=471, 2055.68pt x 1156.32pt>
File: images/bathy/homonim_0.png Graphic file (type png)

<use images/bathy/homonim_0.png>
Package pdftex.def Info: images/bathy/homonim_0.png used on input line 212.
(pdftex.def)             Requested size: 455.24408pt x 256.06737pt.

Underfull \vbox (badness 10000) has occurred while \output is active []



Package Fancyhdr Warning: \headheight is too small (12.0pt): 
 Make it at least 61.25554pt.
 We now make it that large for the rest of the document.
 This may cause the page layout to be inconsistent, however.

File: images/bas-page-masterPPT_RVB_final.png Graphic file (type png)
<use images/bas-page-masterPPT_RVB_final.png>
Package pdftex.def Info: images/bas-page-masterPPT_RVB_final.png used on input 
line 216.
(pdftex.def)             Requested size: 526.37598pt x 35.61806pt.

Overfull \hbox (28.45276pt too wide) has occurred while \output is active
 [][]| 
 []

[24 <./images/utilisation/bathyDB.png (PNG copy)>]
<images/bathy/homonim.png, id=477, 1005.7575pt x 1034.86626pt>
File: images/bathy/homonim.png Graphic file (type png)

<use images/bathy/homonim.png>
Package pdftex.def Info: images/bathy/homonim.png used on input line 223.
(pdftex.def)             Requested size: 426.79134pt x 439.14124pt.

Underfull \vbox (badness 10000) has occurred while \output is active []



Package Fancyhdr Warning: \headheight is too small (12.0pt): 
 Make it at least 61.25554pt.
 We now make it that large for the rest of the document.
 This may cause the page layout to be inconsistent, however.

File: images/bas-page-masterPPT_RVB_final.png Graphic file (type png)
<use images/bas-page-masterPPT_RVB_final.png>
Package pdftex.def Info: images/bas-page-masterPPT_RVB_final.png used on input 
line 227.
(pdftex.def)             Requested size: 526.37598pt x 35.61806pt.

Overfull \hbox (28.45276pt too wide) has occurred while \output is active
 [][]| 
 []

[25 <./images/bathy/homonim_0.png>]
<images/utilisation/s57DB.png, id=484, 566.115pt x 656.4525pt>
File: images/utilisation/s57DB.png Graphic file (type png)

<use images/utilisation/s57DB.png>
Package pdftex.def Info: images/utilisation/s57DB.png used on input line 240.
(pdftex.def)             Requested size: 455.24408pt x 527.90727pt.

Underfull \vbox (badness 10000) has occurred while \output is active []



Package Fancyhdr Warning: \headheight is too small (12.0pt): 
 Make it at least 61.25554pt.
 We now make it that large for the rest of the document.
 This may cause the page layout to be inconsistent, however.

File: images/bas-page-masterPPT_RVB_final.png Graphic file (type png)
<use images/bas-page-masterPPT_RVB_final.png>
Package pdftex.def Info: images/bas-page-masterPPT_RVB_final.png used on input 
line 244.
(pdftex.def)             Requested size: 526.37598pt x 35.61806pt.

Overfull \hbox (28.45276pt too wide) has occurred while \output is active
 [][]| 
 []

[26 <./images/bathy/homonim.png>]
<images/dae/nySTL.png, id=491, 3040.35875pt x 1439.3775pt>
File: images/dae/nySTL.png Graphic file (type png)

<use images/dae/nySTL.png>
Package pdftex.def Info: images/dae/nySTL.png used on input line 258.
(pdftex.def)             Requested size: 398.33858pt x 188.57521pt.

Underfull \vbox (badness 10000) has occurred while \output is active []



Package Fancyhdr Warning: \headheight is too small (12.0pt): 
 Make it at least 61.25554pt.
 We now make it that large for the rest of the document.
 This may cause the page layout to be inconsistent, however.

File: images/bas-page-masterPPT_RVB_final.png Graphic file (type png)
<use images/bas-page-masterPPT_RVB_final.png>
Package pdftex.def Info: images/bas-page-masterPPT_RVB_final.png used on input 
line 262.
(pdftex.def)             Requested size: 526.37598pt x 35.61806pt.

Overfull \hbox (28.45276pt too wide) has occurred while \output is active
 [][]| 
 []

[27 <./images/utilisation/s57DB.png (PNG copy)>]

Package Fancyhdr Warning: \headheight is too small (12.0pt): 
 Make it at least 61.25554pt.
 We now make it that large for the rest of the document.
 This may cause the page layout to be inconsistent, however.

File: images/bas-page-masterPPT_RVB_final.png Graphic file (type png)
<use images/bas-page-masterPPT_RVB_final.png>
Package pdftex.def Info: images/bas-page-masterPPT_RVB_final.png used on input 
line 266.
(pdftex.def)             Requested size: 526.37598pt x 35.61806pt.

Overfull \hbox (28.45276pt too wide) has occurred while \output is active
 [][]| 
 []

[28 <./images/dae/nySTL.png (PNG copy)>]
Chapitre 4.

Overfull \hbox (16.71712pt too wide) in paragraph at lines 274--274
[]  \OT1/cmtt/m/n/12 facet normal 0.0 -0.9882392306514677 0.15291573823970914[]
 
 []


Overfull \hbox (78.46715pt too wide) in paragraph at lines 277--277
[]      \OT1/cmtt/m/n/12 vertex 137.57078026018425 136.08637518871737 4.8074702
90632069[] 
 []


Overfull \hbox (78.46715pt too wide) in paragraph at lines 278--278
[]      \OT1/cmtt/m/n/12 vertex 137.95979903830215 138.60046315913647 4.8074702
90632069[] 
 []


Overfull \hbox (16.71712pt too wide) in paragraph at lines 281--281
[]  \OT1/cmtt/m/n/12 facet normal 0.0 -0.9882392306514677 0.15291573823970914[]
 
 []


Overfull \hbox (78.46715pt too wide) in paragraph at lines 285--285
[]      \OT1/cmtt/m/n/12 vertex 137.57078026018425 136.08637518871737 4.8074702
90632069[] 
 []


<images/export/bathyshomaltiign-300x125.png, id=502, 225.84375pt x 94.10156pt>
File: images/export/bathyshomaltiign-300x125.png Graphic file (type png)

<use images/export/bathyshomaltiign-300x125.png>
Package pdftex.def Info: images/export/bathyshomaltiign-300x125.png used on inp
ut line 299.
(pdftex.def)             Requested size: 426.79134pt x 177.85286pt.

Underfull \vbox (badness 10000) has occurred while \output is active []

 [29

]
<images/stl/kml.png, id=507, 2055.68pt x 1156.32pt>
File: images/stl/kml.png Graphic file (type png)
 <use images/stl/kml.png>
Package pdftex.def Info: images/stl/kml.png used on input line 309.
(pdftex.def)             Requested size: 426.79134pt x 240.06425pt.

<images/stl/geoTif.png, id=508, 2055.68pt x 1156.32pt>
File: images/stl/geoTif.png Graphic file (type png)

<use images/stl/geoTif.png>
Package pdftex.def Info: images/stl/geoTif.png used on input line 321.
(pdftex.def)             Requested size: 426.79134pt x 240.06425pt.

Underfull \vbox (badness 4303) has occurred while \output is active []



Package Fancyhdr Warning: \headheight is too small (12.0pt): 
 Make it at least 61.25554pt.
 We now make it that large for the rest of the document.
 This may cause the page layout to be inconsistent, however.

File: images/bas-page-masterPPT_RVB_final.png Graphic file (type png)
<use images/bas-page-masterPPT_RVB_final.png>
Package pdftex.def Info: images/bas-page-masterPPT_RVB_final.png used on input 
line 325.
(pdftex.def)             Requested size: 526.37598pt x 35.61806pt.

Overfull \hbox (28.45276pt too wide) has occurred while \output is active
 [][]| 
 []

[30 <./images/export/bathyshomaltiign-300x125.png> <./images/stl/kml.png>]

Package Fancyhdr Warning: \headheight is too small (12.0pt): 
 Make it at least 61.25554pt.
 We now make it that large for the rest of the document.
 This may cause the page layout to be inconsistent, however.

File: images/bas-page-masterPPT_RVB_final.png Graphic file (type png)
<use images/bas-page-masterPPT_RVB_final.png>
Package pdftex.def Info: images/bas-page-masterPPT_RVB_final.png used on input 
line 336.
(pdftex.def)             Requested size: 526.37598pt x 35.61806pt.

Overfull \hbox (28.45276pt too wide) has occurred while \output is active
 [][]| 
 []

[31 <./images/stl/geoTif.png>]

Package Fancyhdr Warning: \headheight is too small (12.0pt): 
 Make it at least 61.25554pt.
 We now make it that large for the rest of the document.
 This may cause the page layout to be inconsistent, however.

File: images/bas-page-masterPPT_RVB_final.png Graphic file (type png)
<use images/bas-page-masterPPT_RVB_final.png>
Package pdftex.def Info: images/bas-page-masterPPT_RVB_final.png used on input 
line 336.
(pdftex.def)             Requested size: 526.37598pt x 35.61806pt.

Overfull \hbox (28.45276pt too wide) has occurred while \output is active
 [][]| 
 []

[32

]
Chapitre 5.
<images/utilisation/tilesSTL.png, id=526, 595.22375pt x 645.41125pt>
File: images/utilisation/tilesSTL.png Graphic file (type png)

<use images/utilisation/tilesSTL.png>
Package pdftex.def Info: images/utilisation/tilesSTL.png used on input line 344
.
(pdftex.def)             Requested size: 455.24408pt x 493.62967pt.

Underfull \vbox (badness 10000) has occurred while \output is active []

 [33]
Overfull \vbox (13.97505pt too high) has occurred while \output is active []



Package Fancyhdr Warning: \headheight is too small (12.0pt): 
 Make it at least 61.25554pt.
 We now make it that large for the rest of the document.
 This may cause the page layout to be inconsistent, however.

File: images/bas-page-masterPPT_RVB_final.png Graphic file (type png)
<use images/bas-page-masterPPT_RVB_final.png>
Package pdftex.def Info: images/bas-page-masterPPT_RVB_final.png used on input 
line 348.
(pdftex.def)             Requested size: 526.37598pt x 35.61806pt.

Overfull \hbox (28.45276pt too wide) has occurred while \output is active
 [][]| 
 []

[34 <./images/utilisation/tilesSTL.png (PNG copy)>]
<images/utilisation/s57STL.png, id=536, 605.26125pt x 650.43pt>
File: images/utilisation/s57STL.png Graphic file (type png)

<use images/utilisation/s57STL.png>
Package pdftex.def Info: images/utilisation/s57STL.png used on input line 355.
(pdftex.def)             Requested size: 455.24408pt x 489.22069pt.

<images/utilisation/altiBathySTL.png, id=537, 600.2425pt x 653.44125pt>
File: images/utilisation/altiBathySTL.png Graphic file (type png)

<use images/utilisation/altiBathySTL.png>
Package pdftex.def Info: images/utilisation/altiBathySTL.png used on input line
 366.
(pdftex.def)             Requested size: 455.24408pt x 495.6035pt.

Underfull \vbox (badness 10000) has occurred while \output is active []



Package Fancyhdr Warning: \headheight is too small (12.0pt): 
 Make it at least 61.25554pt.
 We now make it that large for the rest of the document.
 This may cause the page layout to be inconsistent, however.

File: images/bas-page-masterPPT_RVB_final.png Graphic file (type png)
<use images/bas-page-masterPPT_RVB_final.png>
Package pdftex.def Info: images/bas-page-masterPPT_RVB_final.png used on input 
line 370.
(pdftex.def)             Requested size: 526.37598pt x 35.61806pt.

Overfull \hbox (28.45276pt too wide) has occurred while \output is active
 [][]| 
 []

[35 <./images/utilisation/s57STL.png (PNG copy)>]
<images/utilisation/exportSTL.png, id=543, 604.2575pt x 650.43pt>
File: images/utilisation/exportSTL.png Graphic file (type png)

<use images/utilisation/exportSTL.png>
Package pdftex.def Info: images/utilisation/exportSTL.png used on input line 37
7.
(pdftex.def)             Requested size: 455.24408pt x 490.03452pt.

Underfull \vbox (badness 10000) has occurred while \output is active []



Package Fancyhdr Warning: \headheight is too small (12.0pt): 
 Make it at least 61.25554pt.
 We now make it that large for the rest of the document.
 This may cause the page layout to be inconsistent, however.

File: images/bas-page-masterPPT_RVB_final.png Graphic file (type png)
<use images/bas-page-masterPPT_RVB_final.png>
Package pdftex.def Info: images/bas-page-masterPPT_RVB_final.png used on input 
line 381.
(pdftex.def)             Requested size: 526.37598pt x 35.61806pt.

Overfull \hbox (28.45276pt too wide) has occurred while \output is active
 [][]| 
 []

[36 <./images/utilisation/altiBathySTL.png (PNG copy)>]
<images/utilisation/rade_1-300x300.png, id=549, 225.84375pt x 225.84375pt>
File: images/utilisation/rade_1-300x300.png Graphic file (type png)

<use images/utilisation/rade_1-300x300.png>
Package pdftex.def Info: images/utilisation/rade_1-300x300.png used on input li
ne 388.
(pdftex.def)             Requested size: 398.33858pt x 398.39253pt.

Underfull \vbox (badness 10000) has occurred while \output is active []



Package Fancyhdr Warning: \headheight is too small (12.0pt): 
 Make it at least 61.25554pt.
 We now make it that large for the rest of the document.
 This may cause the page layout to be inconsistent, however.

File: images/bas-page-masterPPT_RVB_final.png Graphic file (type png)
<use images/bas-page-masterPPT_RVB_final.png>
Package pdftex.def Info: images/bas-page-masterPPT_RVB_final.png used on input 
line 392.
(pdftex.def)             Requested size: 526.37598pt x 35.61806pt.

Overfull \hbox (28.45276pt too wide) has occurred while \output is active
 [][]| 
 []

[37 <./images/utilisation/exportSTL.png (PNG copy)>]
<images/utilisation/rade-300x271.png, id=557, 225.84375pt x 204.01219pt>
File: images/utilisation/rade-300x271.png Graphic file (type png)

<use images/utilisation/rade-300x271.png>
Package pdftex.def Info: images/utilisation/rade-300x271.png used on input line
 398.
(pdftex.def)             Requested size: 398.33858pt x 359.88127pt.

Underfull \vbox (badness 10000) has occurred while \output is active []



Package Fancyhdr Warning: \headheight is too small (12.0pt): 
 Make it at least 61.25554pt.
 We now make it that large for the rest of the document.
 This may cause the page layout to be inconsistent, however.

File: images/bas-page-masterPPT_RVB_final.png Graphic file (type png)
<use images/bas-page-masterPPT_RVB_final.png>
Package pdftex.def Info: images/bas-page-masterPPT_RVB_final.png used on input 
line 402.
(pdftex.def)             Requested size: 526.37598pt x 35.61806pt.

Overfull \hbox (28.45276pt too wide) has occurred while \output is active
 [][]| 
 []

[38 <./images/utilisation/rade_1-300x300.png>]

Package Fancyhdr Warning: \headheight is too small (12.0pt): 
 Make it at least 61.25554pt.
 We now make it that large for the rest of the document.
 This may cause the page layout to be inconsistent, however.

File: images/bas-page-masterPPT_RVB_final.png Graphic file (type png)
<use images/bas-page-masterPPT_RVB_final.png>
Package pdftex.def Info: images/bas-page-masterPPT_RVB_final.png used on input 
line 404.
(pdftex.def)             Requested size: 526.37598pt x 35.61806pt.

Overfull \hbox (28.45276pt too wide) has occurred while \output is active
 [][]| 
 []

[39 <./images/utilisation/rade-300x271.png>]

Package Fancyhdr Warning: \headheight is too small (12.0pt): 
 Make it at least 61.25554pt.
 We now make it that large for the rest of the document.
 This may cause the page layout to be inconsistent, however.

File: images/bas-page-masterPPT_RVB_final.png Graphic file (type png)
<use images/bas-page-masterPPT_RVB_final.png>
Package pdftex.def Info: images/bas-page-masterPPT_RVB_final.png used on input 
line 404.
(pdftex.def)             Requested size: 526.37598pt x 35.61806pt.

Overfull \hbox (28.45276pt too wide) has occurred while \output is active
 [][]| 
 []

[40

]
Chapitre 6.
[41]

Package Fancyhdr Warning: \headheight is too small (12.0pt): 
 Make it at least 61.25554pt.
 We now make it that large for the rest of the document.
 This may cause the page layout to be inconsistent, however.

File: images/bas-page-masterPPT_RVB_final.png Graphic file (type png)
<use images/bas-page-masterPPT_RVB_final.png>
Package pdftex.def Info: images/bas-page-masterPPT_RVB_final.png used on input 
line 407.
(pdftex.def)             Requested size: 526.37598pt x 35.61806pt.

Overfull \hbox (28.45276pt too wide) has occurred while \output is active
 [][]| 
 []

[42

]
Chapitre 7.
[43]

Package Fancyhdr Warning: \headheight is too small (12.0pt): 
 Make it at least 61.25554pt.
 We now make it that large for the rest of the document.
 This may cause the page layout to be inconsistent, however.

File: images/bas-page-masterPPT_RVB_final.png Graphic file (type png)
<use images/bas-page-masterPPT_RVB_final.png>
Package pdftex.def Info: images/bas-page-masterPPT_RVB_final.png used on input 
line 411.
(pdftex.def)             Requested size: 526.37598pt x 35.61806pt.

Overfull \hbox (28.45276pt too wide) has occurred while \output is active
 [][]| 
 []

[44

]
Chapitre 8.
)) [45]
\tf@thm=\write8
\openout8 = `brestBayTouch.thm'.

 
AED: lastpage setting LastPage
Package atveryend Info: Empty hook `BeforeClearDocument' on input line 128.
Package atveryend Info: Empty hook `AfterLastShipout' on input line 128.
(./brestBayTouch.aux)
Package atveryend Info: Executing hook `AtVeryEndDocument' on input line 128.
Package atveryend Info: Executing hook `AtEndAfterFileList' on input line 128.
Package rerunfilecheck Info: File `brestBayTouch.out' has not changed.
(rerunfilecheck)             Checksum: E045D13F655C85C64B1CF89BE1BCEE1D;3490.


LaTeX Warning: There were multiply-defined labels.

Package atveryend Info: Empty hook `AtVeryVeryEnd' on input line 128.
 ) 
Here is how much of TeX's memory you used:
 19949 strings out of 493029
 361079 string characters out of 6136233
 437834 words of memory out of 5000000
 22953 multiletter control sequences out of 15000+600000
 12445 words of font info for 48 fonts, out of 8000000 for 9000
 1141 hyphenation exceptions out of 8191
 48i,13n,54p,556b,583s stack positions out of 5000i,500n,10000p,200000b,80000s
</usr/share/texlive/texmf-dist/fonts/type1/public/amsfonts/cm/cmbx12.pfb></us
r/share/texlive/texmf-dist/fonts/type1/public/amsfonts/cm/cmcsc10.pfb></usr/sha
re/texlive/texmf-dist/fonts/type1/public/amsfonts/cm/cmr12.pfb></usr/share/texl
ive/texmf-dist/fonts/type1/public/amsfonts/cm/cmr8.pfb></usr/share/texlive/texm
f-dist/fonts/type1/public/amsfonts/cm/cmsy8.pfb></usr/share/texlive/texmf-dist/
fonts/type1/public/amsfonts/cm/cmti12.pfb></usr/share/texlive/texmf-dist/fonts/
type1/public/amsfonts/cm/cmtt12.pfb>
Output written on brestBayTouch.pdf (45 pages, 20890568 bytes).
PDF statistics:
 653 PDF objects out of 1000 (max. 8388607)
 553 compressed objects within 6 object streams
 128 named destinations out of 1000 (max. 500000)
 559 words of extra memory for PDF output out of 10000 (max. 10000000)

